<?xml version="1.0" encoding="UTF-8"?>
<testng-results skipped="0" failed="0" ignored="0" total="0" passed="0">
  <reporter-output>
  </reporter-output>
  <suite name="com.onefi.carbon.BaseTest" duration-ms="19" started-at="2022-06-06T23:56:08 WAT" finished-at="2022-06-06T23:56:08 WAT">
    <groups>
    </groups>
    <test name="Command line test" duration-ms="19" started-at="2022-06-06T23:56:08 WAT" finished-at="2022-06-06T23:56:08 WAT">
    </test> <!-- Command line test -->
  </suite> <!-- com.onefi.carbon.BaseTest -->
</testng-results>
